2020-06-05 04:15:39,058 ERROR: Exception on /explore [GET] [in c:\users\microsoft\microblog\env\lib\site-packages\flask\app.py:1890]
Traceback (most recent call last):
  File "c:\users\microsoft\microblog\env\lib\site-packages\flask\app.py", line 2446, in wsgi_app
    response = self.full_dispatch_request()
  File "c:\users\microsoft\microblog\env\lib\site-packages\flask\app.py", line 1951, in full_dispatch_request
    rv = self.handle_user_exception(e)
  File "c:\users\microsoft\microblog\env\lib\site-packages\flask\app.py", line 1820, in handle_user_exception
    reraise(exc_type, exc_value, tb)
  File "c:\users\microsoft\microblog\env\lib\site-packages\flask\_compat.py", line 39, in reraise
    raise value
  File "c:\users\microsoft\microblog\env\lib\site-packages\flask\app.py", line 1949, in full_dispatch_request
    rv = self.dispatch_request()
  File "c:\users\microsoft\microblog\env\lib\site-packages\flask\app.py", line 1935, in dispatch_request
    return self.view_functions[rule.endpoint](**req.view_args)
  File "c:\users\microsoft\microblog\env\lib\site-packages\flask_login\utils.py", line 272, in decorated_view
    return func(*args, **kwargs)
  File "C:\Users\Microsoft\Desktop\Microblog\app\main\routes.py", line 108, in explore
    return render_template('index.html', title = 'Explore', posts = posts.items, next_url=next_url, prev_url=prev_url)
  File "c:\users\microsoft\microblog\env\lib\site-packages\flask\templating.py", line 137, in render_template
    return _render(
  File "c:\users\microsoft\microblog\env\lib\site-packages\flask\templating.py", line 120, in _render
    rv = template.render(context)
  File "c:\users\microsoft\microblog\env\lib\site-packages\jinja2\environment.py", line 1090, in render
    self.environment.handle_exception()
  File "c:\users\microsoft\microblog\env\lib\site-packages\jinja2\environment.py", line 832, in handle_exception
    reraise(*rewrite_traceback_stack(source=source))
  File "c:\users\microsoft\microblog\env\lib\site-packages\jinja2\_compat.py", line 28, in reraise
    raise value.with_traceback(tb)
  File "C:\Users\Microsoft\Desktop\Microblog\app\templates\index.html", line 2, in top-level template code
    {% import 'bootstrap/wtf.html' as wtf %}
  File "C:\Users\Microsoft\Desktop\Microblog\app\templates\base.html", line 1, in top-level template code
    {% extends 'bootstrap/base.html' %}
  File "c:\users\microsoft\microblog\env\lib\site-packages\flask_bootstrap\templates\bootstrap\base.html", line 1, in top-level template code
    {% block doc -%}
  File "c:\users\microsoft\microblog\env\lib\site-packages\flask_bootstrap\templates\bootstrap\base.html", line 3, in block "doc"
    <html{% block html_attribs %}{% endblock html_attribs %}>
  File "c:\users\microsoft\microblog\env\lib\site-packages\flask_bootstrap\templates\bootstrap\base.html", line 11, in block "html"
    {%- endblock metas %}
  File "c:\users\microsoft\microblog\env\lib\site-packages\flask_bootstrap\templates\bootstrap\base.html", line 13, in block "body"
    {%- block styles %}
  File "C:\Users\Microsoft\Desktop\Microblog\app\templates\base.html", line 67, in block "content"
    {% block app_content %}{% endblock %}
  File "C:\Users\Microsoft\Desktop\Microblog\app\templates\index.html", line 11, in block "app_content"
    {% include '_post.html' %}
  File "C:\Users\Microsoft\Desktop\Microblog\app\templates\_post.html", line 21, in top-level template code
    {{ messages.body }}
  File "c:\users\microsoft\microblog\env\lib\site-packages\jinja2\environment.py", line 471, in getattr
    return getattr(obj, attribute)
jinja2.exceptions.UndefinedError: 'messages' is undefined
2020-06-05 04:16:08,211 ERROR: Exception on /explore [GET] [in c:\users\microsoft\microblog\env\lib\site-packages\flask\app.py:1890]
Traceback (most recent call last):
  File "c:\users\microsoft\microblog\env\lib\site-packages\flask\app.py", line 2446, in wsgi_app
    response = self.full_dispatch_request()
  File "c:\users\microsoft\microblog\env\lib\site-packages\flask\app.py", line 1951, in full_dispatch_request
    rv = self.handle_user_exception(e)
  File "c:\users\microsoft\microblog\env\lib\site-packages\flask\app.py", line 1820, in handle_user_exception
    reraise(exc_type, exc_value, tb)
  File "c:\users\microsoft\microblog\env\lib\site-packages\flask\_compat.py", line 39, in reraise
    raise value
  File "c:\users\microsoft\microblog\env\lib\site-packages\flask\app.py", line 1949, in full_dispatch_request
    rv = self.dispatch_request()
  File "c:\users\microsoft\microblog\env\lib\site-packages\flask\app.py", line 1935, in dispatch_request
    return self.view_functions[rule.endpoint](**req.view_args)
  File "c:\users\microsoft\microblog\env\lib\site-packages\flask_login\utils.py", line 272, in decorated_view
    return func(*args, **kwargs)
  File "C:\Users\Microsoft\Desktop\Microblog\app\main\routes.py", line 108, in explore
    return render_template('index.html', title = 'Explore', posts = posts.items, next_url=next_url, prev_url=prev_url)
  File "c:\users\microsoft\microblog\env\lib\site-packages\flask\templating.py", line 137, in render_template
    return _render(
  File "c:\users\microsoft\microblog\env\lib\site-packages\flask\templating.py", line 120, in _render
    rv = template.render(context)
  File "c:\users\microsoft\microblog\env\lib\site-packages\jinja2\environment.py", line 1090, in render
    self.environment.handle_exception()
  File "c:\users\microsoft\microblog\env\lib\site-packages\jinja2\environment.py", line 832, in handle_exception
    reraise(*rewrite_traceback_stack(source=source))
  File "c:\users\microsoft\microblog\env\lib\site-packages\jinja2\_compat.py", line 28, in reraise
    raise value.with_traceback(tb)
  File "C:\Users\Microsoft\Desktop\Microblog\app\templates\index.html", line 2, in top-level template code
    {% import 'bootstrap/wtf.html' as wtf %}
  File "C:\Users\Microsoft\Desktop\Microblog\app\templates\base.html", line 1, in top-level template code
    {% extends 'bootstrap/base.html' %}
  File "c:\users\microsoft\microblog\env\lib\site-packages\flask_bootstrap\templates\bootstrap\base.html", line 1, in top-level template code
    {% block doc -%}
  File "c:\users\microsoft\microblog\env\lib\site-packages\flask_bootstrap\templates\bootstrap\base.html", line 3, in block "doc"
    <html{% block html_attribs %}{% endblock html_attribs %}>
  File "c:\users\microsoft\microblog\env\lib\site-packages\flask_bootstrap\templates\bootstrap\base.html", line 11, in block "html"
    {%- endblock metas %}
  File "c:\users\microsoft\microblog\env\lib\site-packages\flask_bootstrap\templates\bootstrap\base.html", line 13, in block "body"
    {%- block styles %}
  File "C:\Users\Microsoft\Desktop\Microblog\app\templates\base.html", line 67, in block "content"
    {% block app_content %}{% endblock %}
  File "C:\Users\Microsoft\Desktop\Microblog\app\templates\index.html", line 11, in block "app_content"
    {% include '_post.html' %}
  File "C:\Users\Microsoft\Desktop\Microblog\app\templates\_post.html", line 21, in top-level template code
    </td>
  File "c:\users\microsoft\microblog\env\lib\site-packages\jinja2\environment.py", line 471, in getattr
    return getattr(obj, attribute)
jinja2.exceptions.UndefinedError: 'messages' is undefined
2020-06-05 04:18:50,890 INFO: Microblog startup [in C:\Users\Microsoft\Desktop\Microblog\app\__init__.py:82]
2020-06-05 04:24:40,137 INFO: Microblog startup [in C:\Users\Microsoft\Desktop\Microblog\app\__init__.py:82]
2020-06-05 04:27:22,760 INFO: Microblog startup [in C:\Users\Microsoft\Desktop\Microblog\app\__init__.py:82]
2020-06-27 15:40:39,376 INFO: Microblog startup [in C:\Users\Microsoft\Desktop\Microblog\app\__init__.py:82]
2020-06-27 15:40:49,329 INFO: Microblog startup [in C:\Users\Microsoft\Desktop\Microblog\app\__init__.py:82]
2020-07-15 08:59:20,724 INFO: Microblog startup [in C:\Users\Microsoft\Desktop\Microblog\app\__init__.py:82]
2020-07-15 08:59:36,551 INFO: Microblog startup [in C:\Users\Microsoft\Desktop\Microblog\app\__init__.py:82]
2020-07-15 08:59:42,309 INFO: Microblog startup [in C:\Users\Microsoft\Desktop\Microblog\app\__init__.py:82]
2020-07-15 09:00:05,130 INFO: Microblog startup [in C:\Users\Microsoft\Desktop\Microblog\app\__init__.py:82]
